********************************************************************************
DUPLICATOR-LITE PACKAGE-LOG: 10 de October de 2023 16:09
NOTICE: Do NOT post to public sites or forums 
********************************************************************************
VERSION:	1.5.6
WORDPRESS:	6.3.1
PHP INFO:	7.4.33 | SAPI: fpm-fcgi
SERVER:		Apache 
PHP TIME LIMIT: [165] not allowed 
PHP MAX MEMORY: 4294967296 (512M default) 
MEMORY STACK: 10.39MB

********************************************************************************
DATABASE:
********************************************************************************
BUILD MODE:   MYSQLDUMP
MYSQLTIMEOUT: 5000
MYSQLDUMP:    Is Supported
MYSQL DUMP ERROR -1

==================================================================================
DUPLICATOR ERROR
Please try again! If the error persists see the Duplicator 'Help' menu.
---------------------------------------------------------------------------------
MESSAGE:
	Error en el volcado del shell mysql. Cambia el modo SQL por el «Código PHP» en Duplicator > Ajustes > Paquetes.
DETAILS:
	/*!40000 ALTER TABLE `mind_woocommerce_tax_rates` DISABLE KEYS */;
/*!40000 ALTER TABLE `mind_woocommerce_tax_rates` ENABLE KEYS */;
UNLOCK TABLES;
/*!40103 SET TIME_ZONE=@OLD_TIME_ZONE */;
/*!40101 SET SQL_MODE=@OLD_SQL_MODE */;
/*!40014 SET FOREIGN_KEY_CHECKS=@OLD_FOREIGN_KEY_CHECKS */;
/*!40014 SET UNIQUE_CHECKS=@OLD_UNIQUE_CHECKS */;
/*!40111 SET SQL_NOTES=@OLD_SQL_NOTES */;
/* Duplicator WordPress Timestamp: 2023-10-10 16:09:13*/
/* DUPLICATOR_MYSQLDUMP_EOF */
TRACE:
	 1. class.pack.database.php : error (606)
	 2. class.pack.database.php : mysqlDump (230)
	 3. class.pack.php : build (1369)
	 4. ctrl.package.php : runZipBuild (89)
	 5. class-wp-hook.php : duplicator_package_build (310)
	 6. class-wp-hook.php : apply_filters (334)
	 7. plugin.php : do_action (517)
	 8. admin-ajax.php : do_action (188)
==================================================================================


==================================================================================
DUPLICATOR ERROR
Please try again! If the error persists see the Duplicator 'Help' menu.
---------------------------------------------------------------------------------
MESSAGE:
	Runtime error in DUP_Database::Build. Error en el volcado del shell mysql. Cambia el modo SQL por el «Código PHP» en Duplicator > Ajustes > Paquetes.
DETAILS:
	Exception: Exception: Error en el volcado del shell mysql. Cambia el modo SQL por el «Código PHP» en Duplicator > Ajustes > Paquetes. in /home/wcepoyn/www/wp-content/plugins/duplicator/classes/class.logging.php:301
Stack trace:
#0 /home/wcepoyn/www/wp-content/plugins/duplicator/classes/package/class.pack.database.php(606): DUP_Log::error('Error en el vol...', '/*!40000 ALTER ...', 1)
#1 /home/wcepoyn/www/wp-content/plugins/duplicator/classes/package/class.pack.database.php(230): DUP_Database->mysqlDump('mysqldump')
#2 /home/wcepoyn/www/wp-content/plugins/duplicator/classes/package/class.pack.php(1369): DUP_Database->build(Object(DUP_Package), 1)
#3 /home/wcepoyn/www/wp-content/plugins/duplicator/ctrls/ctrl.package.php(89): DUP_Package->runZipBuild()
#4 /home/wcepoyn/www/wp-includes/class-wp-hook.php(310): duplicator_package_build('')
#5 /home/wcepoyn/www/wp-includes/class-wp-hook.php(334): WP_Hook->apply_filters('', Array)
#6 /home/wcepoyn/www/wp-includes/plugin.php(517): WP_Hook->do_action(Array)
#7 /home/wcepoyn/www/wp-admin/admin-ajax.php(188): do_action('wp_ajax_duplica...')
#8 {main}
TRACE:
	 1. class.pack.database.php : error (259)
	 2. class.pack.php : build (1369)
	 3. ctrl.package.php : runZipBuild (89)
	 4. class-wp-hook.php : duplicator_package_build (310)
	 5. class-wp-hook.php : apply_filters (334)
	 6. plugin.php : do_action (517)
	 7. admin-ajax.php : do_action (188)
==================================================================================

